<?xml version="1.0" encoding="UTF-8"?>
<!-- Generated by org.testng.reporters.JUnitXMLReporter -->
<testsuite ignored="0" hostname="DESKTOP-KUIDM9G" failures="0" tests="3" name="Default test" time="0.99" errors="0" timestamp="2022-08-11T17:01:05 IST">
  <testcase classname="fristtestng.Test1" name="method1" time="0.475"/>
  <testcase classname="fristtestng.Test1" name="method2" time="0.013"/>
  <testcase classname="fristtestng.Test1" name="method3" time="0.008"/>
</testsuite> <!-- Default test -->
