<?xml version="1.0" encoding="UTF-8"?>
<testng-results ignored="0" total="1" passed="1" failed="0" skipped="0">
  <reporter-output>
  </reporter-output>
  <suite started-at="2022-08-13T16:16:22 IST" name="Default suite" finished-at="2022-08-13T16:16:23 IST" duration-ms="1033">
    <groups>
    </groups>
    <test started-at="2022-08-13T16:16:22 IST" name="Default test" finished-at="2022-08-13T16:16:23 IST" duration-ms="1033">
      <class name="fristtestng.testclass1">
        <test-method signature="display()[pri:0, instance:fristtestng.testclass1@2a225dd7]" started-at="2022-08-13T16:16:22 IST" name="display" finished-at="2022-08-13T16:16:23 IST" duration-ms="556" status="PASS">
          <reporter-output>
          </reporter-output>
        </test-method> <!-- display -->
      </class> <!-- fristtestng.testclass1 -->
    </test> <!-- Default test -->
  </suite> <!-- Default suite -->
</testng-results>
