<?xml version="1.0" encoding="UTF-8"?>
<testng-results ignored="0" total="3" passed="3" failed="0" skipped="0">
  <reporter-output>
  </reporter-output>
  <suite started-at="2022-08-11T17:01:04 IST" name="Default suite" finished-at="2022-08-11T17:01:05 IST" duration-ms="990">
    <groups>
    </groups>
    <test started-at="2022-08-11T17:01:04 IST" name="Default test" finished-at="2022-08-11T17:01:05 IST" duration-ms="990">
      <class name="fristtestng.Test1">
        <test-method signature="method1()[pri:0, instance:fristtestng.Test1@6736fa8d]" started-at="2022-08-11T17:01:04 IST" name="method1" finished-at="2022-08-11T17:01:04 IST" duration-ms="475" status="PASS">
          <reporter-output>
          </reporter-output>
        </test-method> <!-- method1 -->
        <test-method signature="method2()[pri:0, instance:fristtestng.Test1@6736fa8d]" started-at="2022-08-11T17:01:04 IST" name="method2" finished-at="2022-08-11T17:01:04 IST" duration-ms="13" status="PASS">
          <reporter-output>
          </reporter-output>
        </test-method> <!-- method2 -->
        <test-method signature="method3()[pri:0, instance:fristtestng.Test1@6736fa8d]" started-at="2022-08-11T17:01:05 IST" name="method3" finished-at="2022-08-11T17:01:05 IST" duration-ms="8" status="PASS">
          <reporter-output>
          </reporter-output>
        </test-method> <!-- method3 -->
      </class> <!-- fristtestng.Test1 -->
    </test> <!-- Default test -->
  </suite> <!-- Default suite -->
</testng-results>
